This file contains any messages produced by compilers while
running configure, to aid debugging if configure makes a mistake.

It was created by wirebot configure 2.0, which was
generated by GNU Autoconf 2.69.  Invocation command line was

  $ ./configure 

## --------- ##
## Platform. ##
## --------- ##

hostname = localhost
uname -m = x86_64
uname -r = 12.4.0
uname -s = Darwin
uname -v = Darwin Kernel Version 12.4.0: Wed May  1 17:57:12 PDT 2013; root:xnu-2050.24.15~1/RELEASE_X86_64

/usr/bin/uname -p = i386
/bin/uname -X     = unknown

/bin/arch              = unknown
/usr/bin/arch -k       = unknown
/usr/convex/getsysinfo = unknown
/usr/bin/hostinfo      = Mach kernel version:
	 Darwin Kernel Version 12.4.0: Wed May  1 17:57:12 PDT 2013; root:xnu-2050.24.15~1/RELEASE_X86_64
Kernel configured for up to 8 processors.
4 processors are physically available.
8 processors are logically available.
Processor type: i486 (Intel 80486)
Processors active: 0 1 2 3 4 5 6 7
Primary memory available: 16.00 gigabytes
Default processor set: 168 tasks, 868 threads, 8 processors
Load average: 1.16, Mach factor: 6.83
/bin/machine           = unknown
/usr/bin/oslevel       = unknown
/bin/universe          = unknown

PATH: /Users/nark/.rvm/gems/ruby-2.0.0-p195/bin
PATH: /Users/nark/.rvm/gems/ruby-2.0.0-p195@global/bin
PATH: /Users/nark/.rvm/rubies/ruby-2.0.0-p195/bin
PATH: /Users/nark/.rvm/bin
PATH: /usr/bin
PATH: /bin
PATH: /usr/sbin
PATH: /sbin
PATH: /usr/local/bin


## ----------- ##
## Core tests. ##
## ----------- ##

configure:2308: checking build system type
configure:2322: result: i686-apple-darwin12.4.0
configure:2342: checking host system type
configure:2355: result: i686-apple-darwin12.4.0
configure:2458: checking for gcc
configure:2474: found /usr/bin/gcc
configure:2485: result: gcc
configure:2714: checking for C compiler version
configure:2723: gcc --version >&5
i686-apple-darwin11-llvm-gcc-4.2 (GCC) 4.2.1 (Based on Apple Inc. build 5658) (LLVM build 2336.11.00)
Copyright (C) 2007 Free Software Foundation, Inc.
This is free software; see the source for copying conditions.  There is NO
warranty; not even for MERCHANTABILITY or FITNESS FOR A PARTICULAR PURPOSE.

configure:2734: $? = 0
configure:2723: gcc -v >&5
Using built-in specs.
Target: i686-apple-darwin11
Configured with: /private/var/tmp/llvmgcc42/llvmgcc42-2336.11~182/src/configure --disable-checking --enable-werror --prefix=/Applications/Xcode.app/Contents/Developer/usr/llvm-gcc-4.2 --mandir=/share/man --enable-languages=c,objc,c++,obj-c++ --program-prefix=llvm- --program-transform-name=/^[cg][^.-]*$/s/$/-4.2/ --with-slibdir=/usr/lib --build=i686-apple-darwin11 --enable-llvm=/private/var/tmp/llvmgcc42/llvmgcc42-2336.11~182/dst-llvmCore/Developer/usr/local --program-prefix=i686-apple-darwin11- --host=x86_64-apple-darwin11 --target=i686-apple-darwin11 --with-gxx-include-dir=/usr/include/c++/4.2.1
Thread model: posix
gcc version 4.2.1 (Based on Apple Inc. build 5658) (LLVM build 2336.11.00)
configure:2734: $? = 0
configure:2723: gcc -V >&5
llvm-gcc-4.2: argument to `-V' is missing
configure:2734: $? = 1
configure:2723: gcc -qversion >&5
i686-apple-darwin11-llvm-gcc-4.2: no input files
configure:2734: $? = 1
configure:2754: checking whether the C compiler works
configure:2776: gcc    conftest.c  >&5
configure:2780: $? = 0
configure:2828: result: yes
configure:2831: checking for C compiler default output file name
configure:2833: result: a.out
configure:2839: checking for suffix of executables
configure:2846: gcc -o conftest    conftest.c  >&5
configure:2850: $? = 0
configure:2872: result: 
configure:2894: checking whether we are cross compiling
configure:2902: gcc -o conftest    conftest.c  >&5
configure:2906: $? = 0
configure:2913: ./conftest
configure:2917: $? = 0
configure:2932: result: no
configure:2937: checking for suffix of object files
configure:2959: gcc -c   conftest.c >&5
configure:2963: $? = 0
configure:2984: result: o
configure:2988: checking whether we are using the GNU C compiler
configure:3007: gcc -c   conftest.c >&5
configure:3007: $? = 0
configure:3016: result: yes
configure:3025: checking whether gcc accepts -g
configure:3045: gcc -c -g  conftest.c >&5
configure:3045: $? = 0
configure:3086: result: yes
configure:3103: checking for gcc option to accept ISO C89
configure:3166: gcc  -c -g -O2  conftest.c >&5
configure:3166: $? = 0
configure:3179: result: none needed
configure:3213: checking for a BSD-compatible install
configure:3281: result: /usr/bin/install -c
configure:3292: checking whether make sets $(MAKE)
configure:3314: result: yes
configure:3329: checking for warning flags
configure:3730: result: none
configure:3889: checking how to run the C preprocessor
configure:3920: gcc -E -I/usr/local/include conftest.c
configure:3920: $? = 0
configure:3934: gcc -E -I/usr/local/include conftest.c
conftest.c:13:28: error: ac_nonexistent.h: No such file or directory
configure:3934: $? = 1
configure: failed program was:
| /* confdefs.h */
| #define PACKAGE_NAME "wirebot"
| #define PACKAGE_TARNAME "wirebot"
| #define PACKAGE_VERSION "2.0"
| #define PACKAGE_STRING "wirebot 2.0"
| #define PACKAGE_BUGREPORT "dev@read-write.fr"
| #define PACKAGE_URL ""
| #define WI_REVISION "fa15497"
| #define WR_VERSION "2.0"
| #define WR_PROTOCOL_VERSION "1.1"
| #define WR_BUGREPORT "dev@read-write.fr"
| /* end confdefs.h.  */
| #include <ac_nonexistent.h>
configure:3959: result: gcc -E
configure:3979: gcc -E -I/usr/local/include conftest.c
configure:3979: $? = 0
configure:3993: gcc -E -I/usr/local/include conftest.c
conftest.c:13:28: error: ac_nonexistent.h: No such file or directory
configure:3993: $? = 1
configure: failed program was:
| /* confdefs.h */
| #define PACKAGE_NAME "wirebot"
| #define PACKAGE_TARNAME "wirebot"
| #define PACKAGE_VERSION "2.0"
| #define PACKAGE_STRING "wirebot 2.0"
| #define PACKAGE_BUGREPORT "dev@read-write.fr"
| #define PACKAGE_URL ""
| #define WI_REVISION "fa15497"
| #define WR_VERSION "2.0"
| #define WR_PROTOCOL_VERSION "1.1"
| #define WR_BUGREPORT "dev@read-write.fr"
| /* end confdefs.h.  */
| #include <ac_nonexistent.h>
configure:4022: checking for grep that handles long lines and -e
configure:4080: result: /usr/bin/grep
configure:4085: checking for egrep
configure:4147: result: /usr/bin/grep -E
configure:4152: checking for ANSI C header files
configure:4172: gcc -c -g -O2 -I/usr/local/include conftest.c >&5
configure:4172: $? = 0
configure:4245: gcc -o conftest -g -O2 -I/usr/local/include -L/usr/local/lib conftest.c  >&5
configure:4245: $? = 0
configure:4245: ./conftest
configure:4245: $? = 0
configure:4256: result: yes
configure:4269: checking for sys/types.h
configure:4269: gcc -c -g -O2 -I/usr/local/include conftest.c >&5
configure:4269: $? = 0
configure:4269: result: yes
configure:4269: checking for sys/stat.h
configure:4269: gcc -c -g -O2 -I/usr/local/include conftest.c >&5
configure:4269: $? = 0
configure:4269: result: yes
configure:4269: checking for stdlib.h
configure:4269: gcc -c -g -O2 -I/usr/local/include conftest.c >&5
configure:4269: $? = 0
configure:4269: result: yes
configure:4269: checking for string.h
configure:4269: gcc -c -g -O2 -I/usr/local/include conftest.c >&5
configure:4269: $? = 0
configure:4269: result: yes
configure:4269: checking for memory.h
configure:4269: gcc -c -g -O2 -I/usr/local/include conftest.c >&5
configure:4269: $? = 0
configure:4269: result: yes
configure:4269: checking for strings.h
configure:4269: gcc -c -g -O2 -I/usr/local/include conftest.c >&5
configure:4269: $? = 0
configure:4269: result: yes
configure:4269: checking for inttypes.h
configure:4269: gcc -c -g -O2 -I/usr/local/include conftest.c >&5
configure:4269: $? = 0
configure:4269: result: yes
configure:4269: checking for stdint.h
configure:4269: gcc -c -g -O2 -I/usr/local/include conftest.c >&5
configure:4269: $? = 0
configure:4269: result: yes
configure:4269: checking for unistd.h
configure:4269: gcc -c -g -O2 -I/usr/local/include conftest.c >&5
configure:4269: $? = 0
configure:4269: result: yes
configure:4293: checking pthread.h usability
configure:4293: gcc -c -g -O2 -I/usr/local/include conftest.c >&5
configure:4293: $? = 0
configure:4293: result: yes
configure:4293: checking pthread.h presence
configure:4293: gcc -E -I/usr/local/include conftest.c
configure:4293: $? = 0
configure:4293: result: yes
configure:4293: checking for pthread.h
configure:4293: result: yes
configure:4299: checking for pthreads
configure:4381: gcc -o conftest -g -O2 -I/usr/local/include -L/usr/local/lib conftest.c  >&5
configure:4381: $? = 0
configure:4381: ./conftest
configure:4381: $? = 0
configure:4607: result: yes
configure:4653: checking for pow
configure:4653: gcc -o conftest -g -O2 -I/usr/local/include -DWI_PTHREADS -L/usr/local/lib conftest.c  >&5
conftest.c:47: warning: conflicting types for built-in function 'pow'
configure:4653: $? = 0
configure:4653: result: yes
configure:4719: checking for setsockopt
configure:4719: gcc -o conftest -g -O2 -I/usr/local/include -DWI_PTHREADS -L/usr/local/lib conftest.c  >&5
configure:4719: $? = 0
configure:4719: result: yes
configure:4785: checking for gethostent
configure:4785: gcc -o conftest -g -O2 -I/usr/local/include -DWI_PTHREADS -L/usr/local/lib conftest.c  >&5
configure:4785: $? = 0
configure:4785: result: yes
configure:4851: checking for herror
configure:4851: gcc -o conftest -g -O2 -I/usr/local/include -DWI_PTHREADS -L/usr/local/lib conftest.c  >&5
configure:4851: $? = 0
configure:4851: result: yes
configure:4919: checking CoreServices/CoreServices.h usability
configure:4919: gcc -c -g -O2 -I/usr/local/include -DWI_PTHREADS conftest.c >&5
configure:4919: $? = 0
configure:4919: result: yes
configure:4919: checking CoreServices/CoreServices.h presence
configure:4919: gcc -E -I/usr/local/include -DWI_PTHREADS conftest.c
configure:4919: $? = 0
configure:4919: result: yes
configure:4919: checking for CoreServices/CoreServices.h
configure:4919: result: yes
configure:4961: checking Carbon/Carbon.h usability
configure:4961: gcc -c -g -O2 -I/usr/local/include -DWI_PTHREADS -DWI_CORESERVICES conftest.c >&5
configure:4961: $? = 0
configure:4961: result: yes
configure:4961: checking Carbon/Carbon.h presence
configure:4961: gcc -E -I/usr/local/include -DWI_PTHREADS -DWI_CORESERVICES conftest.c
configure:4961: $? = 0
configure:4961: result: yes
configure:4961: checking for Carbon/Carbon.h
configure:4961: result: yes
configure:5006: checking CommonCrypto/CommonDigest.h usability
configure:5006: gcc -c -g -O2 -I/usr/local/include -DWI_PTHREADS -DWI_CORESERVICES -DWI_CARBON conftest.c >&5
configure:5006: $? = 0
configure:5006: result: yes
configure:5006: checking CommonCrypto/CommonDigest.h presence
configure:5006: gcc -E -I/usr/local/include -DWI_PTHREADS -DWI_CORESERVICES -DWI_CARBON conftest.c
configure:5006: $? = 0
configure:5006: result: yes
configure:5006: checking for CommonCrypto/CommonDigest.h
configure:5006: result: yes
configure:5006: checking CommonCrypto/CommonCryptor.h usability
configure:5006: gcc -c -g -O2 -I/usr/local/include -DWI_PTHREADS -DWI_CORESERVICES -DWI_CARBON -DWI_DIGESTS -DWI_CIPHERS conftest.c >&5
configure:5006: $? = 0
configure:5006: result: yes
configure:5006: checking CommonCrypto/CommonCryptor.h presence
configure:5006: gcc -E -I/usr/local/include -DWI_PTHREADS -DWI_CORESERVICES -DWI_CARBON -DWI_DIGESTS -DWI_CIPHERS conftest.c
configure:5006: $? = 0
configure:5006: result: yes
configure:5006: checking for CommonCrypto/CommonCryptor.h
configure:5006: result: yes
configure:5056: checking for CommonCrypto/CommonDigest.h
configure:5056: result: yes
configure:5056: checking for CommonCrypto/CommonCryptor.h
configure:5056: result: yes
configure:5327: checking openssl/sha.h usability
configure:5327: gcc -c -g -O2 -I/usr/local/include -DWI_PTHREADS -DWI_CORESERVICES -DWI_CARBON -DWI_DIGESTS -DWI_CIPHERS conftest.c >&5
configure:5327: $? = 0
configure:5327: result: yes
configure:5327: checking openssl/sha.h presence
configure:5327: gcc -E -I/usr/local/include -DWI_PTHREADS -DWI_CORESERVICES -DWI_CARBON -DWI_DIGESTS -DWI_CIPHERS conftest.c
configure:5327: $? = 0
configure:5327: result: yes
configure:5327: checking for openssl/sha.h
configure:5327: result: yes
configure:5350: checking for SHA1_Init in -lcrypto
configure:5375: gcc -o conftest -g -O2 -I/usr/local/include -DWI_PTHREADS -DWI_CORESERVICES -DWI_CARBON -DWI_DIGESTS -DWI_CIPHERS -L/usr/local/lib conftest.c -lcrypto  -framework CoreServices -framework Carbon >&5
configure:5375: $? = 0
configure:5384: result: yes
configure:5497: checking libxml/parser.h usability
configure:5497: gcc -c -g -O2 -I/usr/local/include -DWI_PTHREADS -DWI_CORESERVICES -DWI_CARBON -DWI_DIGESTS -DWI_CIPHERS -DWI_RSA -I/usr/include/libxml2 conftest.c >&5
configure:5497: $? = 0
configure:5497: result: yes
configure:5497: checking libxml/parser.h presence
configure:5497: gcc -E -I/usr/local/include -DWI_PTHREADS -DWI_CORESERVICES -DWI_CARBON -DWI_DIGESTS -DWI_CIPHERS -DWI_RSA -I/usr/include/libxml2 conftest.c
configure:5497: $? = 0
configure:5497: result: yes
configure:5497: checking for libxml/parser.h
configure:5497: result: yes
configure:5518: checking for xmlParseFile in -lxml2
configure:5543: gcc -o conftest -g -O2 -I/usr/local/include -DWI_PTHREADS -DWI_CORESERVICES -DWI_CARBON -DWI_DIGESTS -DWI_CIPHERS -DWI_RSA -I/usr/include/libxml2 -L/usr/local/lib conftest.c -lxml2  -framework CoreServices -framework Carbon -lcrypto >&5
configure:5543: $? = 0
configure:5552: result: yes
configure:5611: checking zlib.h usability
configure:5611: gcc -c -g -O2 -I/usr/local/include -DWI_PTHREADS -DWI_CORESERVICES -DWI_CARBON -DWI_DIGESTS -DWI_CIPHERS -DWI_RSA -I/usr/include/libxml2 -DWI_LIBXML2 -DWI_PLIST conftest.c >&5
configure:5611: $? = 0
configure:5611: result: yes
configure:5611: checking zlib.h presence
configure:5611: gcc -E -I/usr/local/include -DWI_PTHREADS -DWI_CORESERVICES -DWI_CARBON -DWI_DIGESTS -DWI_CIPHERS -DWI_RSA -I/usr/include/libxml2 -DWI_LIBXML2 -DWI_PLIST conftest.c
configure:5611: $? = 0
configure:5611: result: yes
configure:5611: checking for zlib.h
configure:5611: result: yes
configure:5632: checking for deflate in -lz
configure:5657: gcc -o conftest -g -O2 -I/usr/local/include -DWI_PTHREADS -DWI_CORESERVICES -DWI_CARBON -DWI_DIGESTS -DWI_CIPHERS -DWI_RSA -I/usr/include/libxml2 -DWI_LIBXML2 -DWI_PLIST -L/usr/local/lib conftest.c -lz  -framework CoreServices -framework Carbon -lcrypto -lxml2 >&5
configure:5657: $? = 0
configure:5666: result: yes
configure:5727: checking iconv.h usability
configure:5727: gcc -c -g -O2 -I/usr/local/include -DWI_PTHREADS -DWI_CORESERVICES -DWI_CARBON -DWI_DIGESTS -DWI_CIPHERS -DWI_RSA -I/usr/include/libxml2 -DWI_LIBXML2 -DWI_PLIST -DWI_ZLIB -DWI_P7 conftest.c >&5
configure:5727: $? = 0
configure:5727: result: yes
configure:5727: checking iconv.h presence
configure:5727: gcc -E -I/usr/local/include -DWI_PTHREADS -DWI_CORESERVICES -DWI_CARBON -DWI_DIGESTS -DWI_CIPHERS -DWI_RSA -I/usr/include/libxml2 -DWI_LIBXML2 -DWI_PLIST -DWI_ZLIB -DWI_P7 conftest.c
configure:5727: $? = 0
configure:5727: result: yes
configure:5727: checking for iconv.h
configure:5727: result: yes
configure:5748: checking for iconv in -liconv
configure:5773: gcc -o conftest -g -O2 -I/usr/local/include -DWI_PTHREADS -DWI_CORESERVICES -DWI_CARBON -DWI_DIGESTS -DWI_CIPHERS -DWI_RSA -I/usr/include/libxml2 -DWI_LIBXML2 -DWI_PLIST -DWI_ZLIB -DWI_P7 -L/usr/local/lib conftest.c -liconv  -framework CoreServices -framework Carbon -lcrypto -lxml2 -lz >&5
configure:5773: $? = 0
configure:5782: result: yes
configure:5874: checking if iconv understands Unicode
configure:5894: gcc -o conftest -g -O2 -I/usr/local/include -DWI_PTHREADS -DWI_CORESERVICES -DWI_CARBON -DWI_DIGESTS -DWI_CIPHERS -DWI_RSA -I/usr/include/libxml2 -DWI_LIBXML2 -DWI_PLIST -DWI_ZLIB -DWI_P7 -L/usr/local/lib conftest.c -framework CoreServices -framework Carbon -lcrypto -lxml2 -lz -liconv >&5
configure:5894: $? = 0
configure:5894: ./conftest
configure:5894: $? = 0
configure:5896: result: yes
configure:5934: checking curses.h usability
configure:5934: gcc -c -g -O2 -I/usr/local/include -DWI_PTHREADS -DWI_CORESERVICES -DWI_CARBON -DWI_DIGESTS -DWI_CIPHERS -DWI_RSA -I/usr/include/libxml2 -DWI_LIBXML2 -DWI_PLIST -DWI_ZLIB -DWI_P7 -DWI_ICONV conftest.c >&5
configure:5934: $? = 0
configure:5934: result: yes
configure:5934: checking curses.h presence
configure:5934: gcc -E -I/usr/local/include -DWI_PTHREADS -DWI_CORESERVICES -DWI_CARBON -DWI_DIGESTS -DWI_CIPHERS -DWI_RSA -I/usr/include/libxml2 -DWI_LIBXML2 -DWI_PLIST -DWI_ZLIB -DWI_P7 -DWI_ICONV conftest.c
configure:5934: $? = 0
configure:5934: result: yes
configure:5934: checking for curses.h
configure:5934: result: yes
configure:5940: checking for tgoto
configure:5940: gcc -o conftest -g -O2 -I/usr/local/include -DWI_PTHREADS -DWI_CORESERVICES -DWI_CARBON -DWI_DIGESTS -DWI_CIPHERS -DWI_RSA -I/usr/include/libxml2 -DWI_LIBXML2 -DWI_PLIST -DWI_ZLIB -DWI_P7 -DWI_ICONV -L/usr/local/lib conftest.c -framework CoreServices -framework Carbon -lcrypto -lxml2 -lz -liconv >&5
Undefined symbols for architecture x86_64:
  "_tgoto", referenced from:
      _main in cctebRB8.o
ld: symbol(s) not found for architecture x86_64
collect2: ld returned 1 exit status
configure:5940: $? = 1
configure: failed program was:
| /* confdefs.h */
| #define PACKAGE_NAME "wirebot"
| #define PACKAGE_TARNAME "wirebot"
| #define PACKAGE_VERSION "2.0"
| #define PACKAGE_STRING "wirebot 2.0"
| #define PACKAGE_BUGREPORT "dev@read-write.fr"
| #define PACKAGE_URL ""
| #define WI_REVISION "fa15497"
| #define WR_VERSION "2.0"
| #define WR_PROTOCOL_VERSION "1.1"
| #define WR_BUGREPORT "dev@read-write.fr"
| #define STDC_HEADERS 1
| #define HAVE_SYS_TYPES_H 1
| #define HAVE_SYS_STAT_H 1
| #define HAVE_STDLIB_H 1
| #define HAVE_STRING_H 1
| #define HAVE_MEMORY_H 1
| #define HAVE_STRINGS_H 1
| #define HAVE_INTTYPES_H 1
| #define HAVE_STDINT_H 1
| #define HAVE_UNISTD_H 1
| #define HAVE_PTHREAD_H 1
| #define HAVE_CORESERVICES_CORESERVICES_H 1
| #define HAVE_CARBON_CARBON_H 1
| #define HAVE_COMMONCRYPTO_COMMONDIGEST_H 1
| #define HAVE_COMMONCRYPTO_COMMONCRYPTOR_H 1
| #define HAVE_COMMONCRYPTO_COMMONDIGEST_H 1
| #define HAVE_COMMONCRYPTO_COMMONCRYPTOR_H 1
| #define HAVE_OPENSSL_SHA_H 1
| #define HAVE_LIBXML_PARSER_H 1
| #define HAVE_ZLIB_H 1
| #define HAVE_ICONV_H 1
| #define HAVE_CURSES_H 1
| /* end confdefs.h.  */
| /* Define tgoto to an innocuous variant, in case <limits.h> declares tgoto.
|    For example, HP-UX 11i <limits.h> declares gettimeofday.  */
| #define tgoto innocuous_tgoto
| 
| /* System header to define __stub macros and hopefully few prototypes,
|     which can conflict with char tgoto (); below.
|     Prefer <limits.h> to <assert.h> if __STDC__ is defined, since
|     <limits.h> exists even on freestanding compilers.  */
| 
| #ifdef __STDC__
| # include <limits.h>
| #else
| # include <assert.h>
| #endif
| 
| #undef tgoto
| 
| /* Override any GCC internal prototype to avoid an error.
|    Use char because int might match the return type of a GCC
|    builtin and then its argument prototype would still apply.  */
| #ifdef __cplusplus
| extern "C"
| #endif
| char tgoto ();
| /* The GNU C library defines this for functions which it implements
|     to always fail with ENOSYS.  Some functions are actually named
|     something starting with __ and the normal name is an alias.  */
| #if defined __stub_tgoto || defined __stub___tgoto
| choke me
| #endif
| 
| int
| main ()
| {
| return tgoto ();
|   ;
|   return 0;
| }
configure:5940: result: no
configure:5945: checking for tgoto in -ltermcap
configure:5970: gcc -o conftest -g -O2 -I/usr/local/include -DWI_PTHREADS -DWI_CORESERVICES -DWI_CARBON -DWI_DIGESTS -DWI_CIPHERS -DWI_RSA -I/usr/include/libxml2 -DWI_LIBXML2 -DWI_PLIST -DWI_ZLIB -DWI_P7 -DWI_ICONV -L/usr/local/lib conftest.c -ltermcap  -framework CoreServices -framework Carbon -lcrypto -lxml2 -lz -liconv >&5
configure:5970: $? = 0
configure:5979: result: yes
configure:5934: checking term.h usability
configure:5934: gcc -c -g -O2 -I/usr/local/include -DWI_PTHREADS -DWI_CORESERVICES -DWI_CARBON -DWI_DIGESTS -DWI_CIPHERS -DWI_RSA -I/usr/include/libxml2 -DWI_LIBXML2 -DWI_PLIST -DWI_ZLIB -DWI_P7 -DWI_ICONV conftest.c >&5
configure:5934: $? = 0
configure:5934: result: yes
configure:5934: checking term.h presence
configure:5934: gcc -E -I/usr/local/include -DWI_PTHREADS -DWI_CORESERVICES -DWI_CARBON -DWI_DIGESTS -DWI_CIPHERS -DWI_RSA -I/usr/include/libxml2 -DWI_LIBXML2 -DWI_PLIST -DWI_ZLIB -DWI_P7 -DWI_ICONV conftest.c
configure:5934: $? = 0
configure:5934: result: yes
configure:5934: checking for term.h
configure:5934: result: yes
configure:5940: checking for tgoto
configure:5940: result: no
configure:5945: checking for tgoto in -ltermcap
configure:5979: result: yes
configure:5934: checking termcap.h usability
configure:5934: gcc -c -g -O2 -I/usr/local/include -DWI_PTHREADS -DWI_CORESERVICES -DWI_CARBON -DWI_DIGESTS -DWI_CIPHERS -DWI_RSA -I/usr/include/libxml2 -DWI_LIBXML2 -DWI_PLIST -DWI_ZLIB -DWI_P7 -DWI_ICONV conftest.c >&5
configure:5934: $? = 0
configure:5934: result: yes
configure:5934: checking termcap.h presence
configure:5934: gcc -E -I/usr/local/include -DWI_PTHREADS -DWI_CORESERVICES -DWI_CARBON -DWI_DIGESTS -DWI_CIPHERS -DWI_RSA -I/usr/include/libxml2 -DWI_LIBXML2 -DWI_PLIST -DWI_ZLIB -DWI_P7 -DWI_ICONV conftest.c
configure:5934: $? = 0
configure:5934: result: yes
configure:5934: checking for termcap.h
configure:5934: result: yes
configure:5940: checking for tgoto
configure:5940: result: no
configure:5945: checking for tgoto in -ltermcap
configure:5979: result: yes
configure:5934: checking termios.h usability
configure:5934: gcc -c -g -O2 -I/usr/local/include -DWI_PTHREADS -DWI_CORESERVICES -DWI_CARBON -DWI_DIGESTS -DWI_CIPHERS -DWI_RSA -I/usr/include/libxml2 -DWI_LIBXML2 -DWI_PLIST -DWI_ZLIB -DWI_P7 -DWI_ICONV conftest.c >&5
configure:5934: $? = 0
configure:5934: result: yes
configure:5934: checking termios.h presence
configure:5934: gcc -E -I/usr/local/include -DWI_PTHREADS -DWI_CORESERVICES -DWI_CARBON -DWI_DIGESTS -DWI_CIPHERS -DWI_RSA -I/usr/include/libxml2 -DWI_LIBXML2 -DWI_PLIST -DWI_ZLIB -DWI_P7 -DWI_ICONV conftest.c
configure:5934: $? = 0
configure:5934: result: yes
configure:5934: checking for termios.h
configure:5934: result: yes
configure:5940: checking for tgoto
configure:5940: result: no
configure:5945: checking for tgoto in -ltermcap
configure:5979: result: yes
configure:6135: checking readline/readline.h usability
configure:6135: gcc -c -g -O2 -I/usr/local/include -DWI_PTHREADS -DWI_CORESERVICES -DWI_CARBON -DWI_DIGESTS -DWI_CIPHERS -DWI_RSA -I/usr/include/libxml2 -DWI_LIBXML2 -DWI_PLIST -DWI_ZLIB -DWI_P7 -DWI_ICONV -DWI_TERMCAP conftest.c >&5
configure:6135: $? = 0
configure:6135: result: yes
configure:6135: checking readline/readline.h presence
configure:6135: gcc -E -I/usr/local/include -DWI_PTHREADS -DWI_CORESERVICES -DWI_CARBON -DWI_DIGESTS -DWI_CIPHERS -DWI_RSA -I/usr/include/libxml2 -DWI_LIBXML2 -DWI_PLIST -DWI_ZLIB -DWI_P7 -DWI_ICONV -DWI_TERMCAP conftest.c
configure:6135: $? = 0
configure:6135: result: yes
configure:6135: checking for readline/readline.h
configure:6135: result: yes
configure:6156: checking for rl_initialize in -lreadline
configure:6181: gcc -o conftest -g -O2 -I/usr/local/include -DWI_PTHREADS -DWI_CORESERVICES -DWI_CARBON -DWI_DIGESTS -DWI_CIPHERS -DWI_RSA -I/usr/include/libxml2 -DWI_LIBXML2 -DWI_PLIST -DWI_ZLIB -DWI_P7 -DWI_ICONV -DWI_TERMCAP -L/usr/local/lib conftest.c -lreadline  -framework CoreServices -framework Carbon -lcrypto -lxml2 -lz -liconv -ltermcap >&5
configure:6181: $? = 0
configure:6190: result: yes
configure:6206: checking for GNU readline
configure:6224: gcc -o conftest -g -O2 -I/usr/local/include -DWI_PTHREADS -DWI_CORESERVICES -DWI_CARBON -DWI_DIGESTS -DWI_CIPHERS -DWI_RSA -I/usr/include/libxml2 -DWI_LIBXML2 -DWI_PLIST -DWI_ZLIB -DWI_P7 -DWI_ICONV -DWI_TERMCAP -L/usr/local/lib conftest.c -framework CoreServices -framework Carbon -lcrypto -lxml2 -lz -liconv -ltermcap -lreadline >&5
configure:6224: $? = 0
configure:6224: ./conftest
configure:6224: $? = 0
configure:6226: result: yes
configure:6247: checking for rl_completion_matches
configure:6271: gcc -o conftest -g -O2 -I/usr/local/include -DWI_PTHREADS -DWI_CORESERVICES -DWI_CARBON -DWI_DIGESTS -DWI_CIPHERS -DWI_RSA -I/usr/include/libxml2 -DWI_LIBXML2 -DWI_PLIST -DWI_ZLIB -DWI_P7 -DWI_ICONV -DWI_TERMCAP -L/usr/local/lib conftest.c -framework CoreServices -framework Carbon -lcrypto -lxml2 -lz -liconv -ltermcap -lreadline >&5
configure:6271: $? = 0
configure:6271: ./conftest
configure:6271: $? = 0
configure:6276: result: yes
configure:6291: checking whether rl_completion_display_matches_hook is declared
configure:6291: gcc -c -g -O2 -I/usr/local/include -DWI_PTHREADS -DWI_CORESERVICES -DWI_CARBON -DWI_DIGESTS -DWI_CIPHERS -DWI_RSA -I/usr/include/libxml2 -DWI_LIBXML2 -DWI_PLIST -DWI_ZLIB -DWI_P7 -DWI_ICONV -DWI_TERMCAP conftest.c >&5
configure:6291: $? = 0
configure:6291: result: yes
configure:6347: checking for special C compiler options needed for large files
configure:6392: result: no
configure:6398: checking for _FILE_OFFSET_BITS value needed for large files
configure:6423: gcc -c -g -O2 -I/usr/local/include -DWI_PTHREADS -DWI_CORESERVICES -DWI_CARBON -DWI_DIGESTS -DWI_CIPHERS -DWI_RSA -I/usr/include/libxml2 -DWI_LIBXML2 -DWI_PLIST -DWI_ZLIB -DWI_P7 -DWI_ICONV -DWI_TERMCAP -DWI_READLINE conftest.c >&5
configure:6423: $? = 0
configure:6455: result: no
configure:6686: creating ./config.status

## ---------------------- ##
## Running config.status. ##
## ---------------------- ##

This file was extended by wirebot config.status 2.0, which was
generated by GNU Autoconf 2.69.  Invocation command line was

  CONFIG_FILES    = 
  CONFIG_HEADERS  = 
  CONFIG_LINKS    = 
  CONFIG_COMMANDS = 
  $ ./config.status 

on localhost

config.status:838: creating Makefile
config.status:838: creating config.h
config.status:1013: config.h is unchanged
configure:7916: === configuring in libwired (/Users/nark/Development/Me/Cocoa/Wired/wired2/wirebot/libwired)
configure:7979: running /bin/sh ./configure --disable-option-checking '--prefix=/usr/local'  '--enable-p7' '--enable-pthreads' '--enable-termcap' '--enable-iconv' '--enable-libxml2' '--with-rundir=../run/libwired' '--with-objdir=../obj' --cache-file=/dev/null --srcdir=.

## ---------------- ##
## Cache variables. ##
## ---------------- ##

ac_cv_build=i686-apple-darwin12.4.0
ac_cv_c_compiler_gnu=yes
ac_cv_env_CC_set=
ac_cv_env_CC_value=
ac_cv_env_CFLAGS_set=
ac_cv_env_CFLAGS_value=
ac_cv_env_CPPFLAGS_set=
ac_cv_env_CPPFLAGS_value=
ac_cv_env_CPP_set=
ac_cv_env_CPP_value=
ac_cv_env_LDFLAGS_set=
ac_cv_env_LDFLAGS_value=
ac_cv_env_LIBS_set=
ac_cv_env_LIBS_value=
ac_cv_env_build_alias_set=
ac_cv_env_build_alias_value=
ac_cv_env_host_alias_set=
ac_cv_env_host_alias_value=
ac_cv_env_target_alias_set=
ac_cv_env_target_alias_value=
ac_cv_func_gethostent=yes
ac_cv_func_herror=yes
ac_cv_func_pow=yes
ac_cv_func_setsockopt=yes
ac_cv_func_tgoto=no
ac_cv_have_decl_rl_completion_display_matches_hook=yes
ac_cv_header_Carbon_Carbon_h=yes
ac_cv_header_CommonCrypto_CommonCryptor_h=yes
ac_cv_header_CommonCrypto_CommonDigest_h=yes
ac_cv_header_CoreServices_CoreServices_h=yes
ac_cv_header_curses_h=yes
ac_cv_header_iconv_h=yes
ac_cv_header_inttypes_h=yes
ac_cv_header_libxml_parser_h=yes
ac_cv_header_memory_h=yes
ac_cv_header_openssl_sha_h=yes
ac_cv_header_pthread_h=yes
ac_cv_header_readline_readline_h=yes
ac_cv_header_stdc=yes
ac_cv_header_stdint_h=yes
ac_cv_header_stdlib_h=yes
ac_cv_header_string_h=yes
ac_cv_header_strings_h=yes
ac_cv_header_sys_stat_h=yes
ac_cv_header_sys_types_h=yes
ac_cv_header_term_h=yes
ac_cv_header_termcap_h=yes
ac_cv_header_termios_h=yes
ac_cv_header_unistd_h=yes
ac_cv_header_zlib_h=yes
ac_cv_host=i686-apple-darwin12.4.0
ac_cv_lib_crypto_SHA1_Init=yes
ac_cv_lib_iconv_iconv=yes
ac_cv_lib_readline_rl_initialize=yes
ac_cv_lib_termcap_tgoto=yes
ac_cv_lib_xml2_xmlParseFile=yes
ac_cv_lib_z_deflate=yes
ac_cv_objext=o
ac_cv_path_EGREP='/usr/bin/grep -E'
ac_cv_path_GREP=/usr/bin/grep
ac_cv_path_install='/usr/bin/install -c'
ac_cv_prog_CPP='gcc -E'
ac_cv_prog_ac_ct_CC=gcc
ac_cv_prog_cc_c89=
ac_cv_prog_cc_g=yes
ac_cv_prog_make_make_set=yes
ac_cv_sys_file_offset_bits=no
ac_cv_sys_largefile_CC=no

## ----------------- ##
## Output variables. ##
## ----------------- ##

CC='gcc'
CFLAGS='-g -O2'
CPP='gcc -E'
CPPFLAGS='-I/usr/local/include -DWI_PTHREADS -DWI_CORESERVICES -DWI_CARBON -DWI_DIGESTS -DWI_CIPHERS -DWI_RSA -I/usr/include/libxml2 -DWI_LIBXML2 -DWI_PLIST -DWI_ZLIB -DWI_P7 -DWI_ICONV -DWI_TERMCAP -DWI_READLINE'
DEFS='-DHAVE_CONFIG_H'
ECHO_C='\c'
ECHO_N=''
ECHO_T=''
EGREP='/usr/bin/grep -E'
EXEEXT=''
GREP='/usr/bin/grep'
INSTALL_DATA='${INSTALL} -m 644'
INSTALL_PROGRAM='${INSTALL}'
INSTALL_SCRIPT='${INSTALL}'
LDFLAGS='-L/usr/local/lib'
LIBOBJS=''
LIBS='-framework CoreServices -framework Carbon -lcrypto -lxml2 -lz -liconv -ltermcap -lreadline'
LTLIBOBJS=''
OBJEXT='o'
PACKAGE_BUGREPORT='dev@read-write.fr'
PACKAGE_NAME='wirebot'
PACKAGE_STRING='wirebot 2.0'
PACKAGE_TARNAME='wirebot'
PACKAGE_URL=''
PACKAGE_VERSION='2.0'
PATH_SEPARATOR=':'
SET_MAKE=''
SHELL='/bin/sh'
WR_MAINTAINER='0'
WR_VERSION='2.0'
ac_ct_CC='gcc'
bindir='${exec_prefix}/bin'
build='i686-apple-darwin12.4.0'
build_alias=''
build_cpu='i686'
build_os='darwin12.4.0'
build_vendor='apple'
datadir='${datarootdir}'
datarootdir='${prefix}/share'
docdir='${datarootdir}/doc/${PACKAGE_TARNAME}'
dvidir='${docdir}'
exec_prefix='${prefix}'
host='i686-apple-darwin12.4.0'
host_alias=''
host_cpu='i686'
host_os='darwin12.4.0'
host_vendor='apple'
htmldir='${docdir}'
includedir='${prefix}/include'
infodir='${datarootdir}/info'
libdir='${exec_prefix}/lib'
libexecdir='${exec_prefix}/libexec'
localedir='${datarootdir}/locale'
localstatedir='${prefix}/var'
mandir='${datarootdir}/man'
objdir='obj'
oldincludedir='/usr/include'
pdfdir='${docdir}'
prefix='/usr/local'
program_transform_name='s,x,x,'
psdir='${docdir}'
rundir='run'
sbindir='${exec_prefix}/sbin'
sharedstatedir='${prefix}/com'
subdirs=' libwired'
sysconfdir='${prefix}/etc'
target_alias=''

## ----------- ##
## confdefs.h. ##
## ----------- ##

/* confdefs.h */
#define PACKAGE_NAME "wirebot"
#define PACKAGE_TARNAME "wirebot"
#define PACKAGE_VERSION "2.0"
#define PACKAGE_STRING "wirebot 2.0"
#define PACKAGE_BUGREPORT "dev@read-write.fr"
#define PACKAGE_URL ""
#define WI_REVISION "fa15497"
#define WR_VERSION "2.0"
#define WR_PROTOCOL_VERSION "1.1"
#define WR_BUGREPORT "dev@read-write.fr"
#define STDC_HEADERS 1
#define HAVE_SYS_TYPES_H 1
#define HAVE_SYS_STAT_H 1
#define HAVE_STDLIB_H 1
#define HAVE_STRING_H 1
#define HAVE_MEMORY_H 1
#define HAVE_STRINGS_H 1
#define HAVE_INTTYPES_H 1
#define HAVE_STDINT_H 1
#define HAVE_UNISTD_H 1
#define HAVE_PTHREAD_H 1
#define HAVE_CORESERVICES_CORESERVICES_H 1
#define HAVE_CARBON_CARBON_H 1
#define HAVE_COMMONCRYPTO_COMMONDIGEST_H 1
#define HAVE_COMMONCRYPTO_COMMONCRYPTOR_H 1
#define HAVE_COMMONCRYPTO_COMMONDIGEST_H 1
#define HAVE_COMMONCRYPTO_COMMONCRYPTOR_H 1
#define HAVE_OPENSSL_SHA_H 1
#define HAVE_LIBXML_PARSER_H 1
#define HAVE_ZLIB_H 1
#define HAVE_ICONV_H 1
#define HAVE_CURSES_H 1
#define HAVE_TERM_H 1
#define HAVE_TERMCAP_H 1
#define HAVE_TERMIOS_H 1
#define HAVE_READLINE_READLINE_H 1
#define HAVE_RL_COMPLETION_MATCHES 1
#define HAVE_DECL_RL_COMPLETION_DISPLAY_MATCHES_HOOK 1

configure: exit 0
