Nov 17 17:18:26 wirebot[61253]: Info: Reading /Users/nark/.wirebot/wirebot.conf
Nov 17 17:18:26 wirebot[61253]: Debug:   nick = WireBot
Nov 17 17:18:26 wirebot[61253]: Debug:   status = Jedi in the Matrix
Nov 17 17:18:26 wirebot[61253]: Debug:   auto reconnect = yes
Nov 17 17:18:26 wirebot[61253]: Debug:   reconnect on kick = no
Nov 17 17:18:26 wirebot[61253]: Debug:   icon path = 
Nov 17 17:18:26 wirebot[61253]: Debug:   hostname = localhost
Nov 17 17:18:26 wirebot[61253]: Debug:   port = 4871
Nov 17 17:18:26 wirebot[61253]: Debug:   login = admin
Nov 17 17:18:26 wirebot[61253]: Debug:   password = 
Nov 17 17:46:02 wirebot[90872]: Info: Reading /Users/nark/.wirebot/wirebot.conf
Nov 17 17:46:02 wirebot[90872]: Debug:   nick = WireBot
Nov 17 17:46:02 wirebot[90872]: Debug:   status = Jedi in the Matrix
Nov 17 17:46:02 wirebot[90872]: Debug:   auto reconnect = yes
Nov 17 17:46:02 wirebot[90872]: Debug:   reconnect on kick = no
Nov 17 17:46:02 wirebot[90872]: Debug:   icon path = 
Nov 17 17:46:02 wirebot[90872]: Debug:   hostname = localhost
Nov 17 17:46:02 wirebot[90872]: Debug:   port = 4871
Nov 17 17:46:02 wirebot[90872]: Debug:   login = admin
Nov 17 17:46:02 wirebot[90872]: Debug:   password = 
Nov 17 18:20:48 wirebot[6791]: Error: Could not open /Users/nark/.wirebot/wirebot.conf: No such file or directory
Nov 17 18:20:48 wirebot[6791]: Info: Reading /Users/nark/.wirebot/wirebot.conf
Nov 17 18:20:48 wirebot[6791]: Error: Can't read robot file: /Users/nark/.wirebot/wirebot.xml
Nov 17 18:20:48 wirebot[6791]: Warning: No user Dictionnary found. Will use default Dictionary.
Nov 17 18:20:48 wirebot[6791]: Error: Can't read robot file: /Users/nark/.wirebot/wirebot.xml
Nov 17 18:20:48 wirebot[6791]: Error: Wirebot cannot be initialized properly, shutdown.
Nov 18 12:28:42 wirebot[43749]: Error: Could not open /Users/nark/.wirebot/wirebot.conf: No such file or directory
Nov 18 12:28:42 wirebot[43749]: Info: Reading /Users/nark/.wirebot/wirebot.conf
Nov 18 12:28:42 wirebot[43749]: Info: Writting PID file: /Users/nark/.wirebot/wirebot.pid
Nov 18 12:28:42 wirebot[43749]: Info: Connecting to localhost...
Nov 18 12:28:42 wirebot[43749]: Info: Trying ::1 at port 4871...
Nov 18 12:28:42 wirebot[43749]: Info: Connected using AES/256 bits, logging in...
Nov 18 12:28:42 wirebot[43749]: Info: Logged in, welcome to Wired Server
Nov 18 12:30:39 wirebot[43749]: Info: Signal INT received, quitting
Nov 18 12:30:39 wirebot[43749]: Info: Connection to ::1 closed
